0 info it worked if it ends with ok
1 verbose cli [ 'C:\\Program Files\\nodejs\\node.exe',
1 verbose cli   'C:\\Program Files\\nodejs\\node_modules\\npm\\bin\\npm-cli.js',
1 verbose cli   'publish',
1 verbose cli   '.' ]
2 info using npm@3.10.10
3 info using node@v6.11.1
4 verbose publish [ '.' ]
5 silly cache add args [ '.', null ]
6 verbose cache add spec .
7 silly cache add parsed spec Result {
7 silly cache add   raw: '.',
7 silly cache add   scope: null,
7 silly cache add   escapedName: null,
7 silly cache add   name: null,
7 silly cache add   rawSpec: '.',
7 silly cache add   spec: 'C:\\Users\\jialun.liu.HIRAIN\\workspace\\nodejs\\ng-screenshot',
7 silly cache add   type: 'directory' }
8 verbose addLocalDirectory C:\Users\jialun.liu.HIRAIN\AppData\Roaming\npm-cache\ng-screenshot\0.1.0\package.tgz not in flight; packing
9 verbose correctMkdir C:\Users\jialun.liu.HIRAIN\AppData\Roaming\npm-cache correctMkdir not in flight; initializing
10 info lifecycle ng-screenshot@0.1.0~prepublish: ng-screenshot@0.1.0
11 silly lifecycle ng-screenshot@0.1.0~prepublish: no script for prepublish, continuing
12 verbose tar pack [ 'C:\\Users\\jialun.liu.HIRAIN\\AppData\\Roaming\\npm-cache\\ng-screenshot\\0.1.0\\package.tgz',
12 verbose tar pack   'C:\\Users\\jialun.liu.HIRAIN\\workspace\\nodejs\\ng-screenshot' ]
13 verbose tarball C:\Users\jialun.liu.HIRAIN\AppData\Roaming\npm-cache\ng-screenshot\0.1.0\package.tgz
14 verbose folder C:\Users\jialun.liu.HIRAIN\workspace\nodejs\ng-screenshot
15 verbose addLocalTarball adding from inside cache C:\Users\jialun.liu.HIRAIN\AppData\Roaming\npm-cache\ng-screenshot\0.1.0\package.tgz
16 verbose correctMkdir C:\Users\jialun.liu.HIRAIN\AppData\Roaming\npm-cache correctMkdir not in flight; initializing
17 silly cache afterAdd ng-screenshot@0.1.0
18 verbose afterAdd C:\Users\jialun.liu.HIRAIN\AppData\Roaming\npm-cache\ng-screenshot\0.1.0\package\package.json not in flight; writing
19 verbose correctMkdir C:\Users\jialun.liu.HIRAIN\AppData\Roaming\npm-cache correctMkdir not in flight; initializing
20 verbose afterAdd C:\Users\jialun.liu.HIRAIN\AppData\Roaming\npm-cache\ng-screenshot\0.1.0\package\package.json written
21 silly publish { name: 'ng-screenshot',
21 silly publish   version: '0.1.0',
21 silly publish   description: 'screenshot for angular 1.x',
21 silly publish   main: 'ng-screenshot.js',
21 silly publish   scripts: { test: 'echo "Error: no test specified" && exit 1' },
21 silly publish   repository:
21 silly publish    { type: 'git',
21 silly publish      url: 'git+https://github.com/liujialun/ng-screenshot.git' },
21 silly publish   keywords: [ 'screenshot', 'angular', 'ng' ],
21 silly publish   author: { name: 'jialun.liu', email: 'jialun.liu@hirain.com' },
21 silly publish   license: 'MIT',
21 silly publish   bugs: { url: 'https://github.com/liujialun/ng-screenshot/issues' },
21 silly publish   homepage: 'https://github.com/liujialun/ng-screenshot#readme',
21 silly publish   dependencies:
21 silly publish    { jquery: '^3.2.1',
21 silly publish      angular: '^1.6.6',
21 silly publish      html2canvas: '^0.5.0-beta4',
21 silly publish      'file-saver': '^1.3.3' },
21 silly publish   readme: '# ng-screenshot\r\n* * *\r\nAngularJS directive for screenshot\r\n\r\nA simple AngularJS directive for screenshot\r\n# Examples:\r\n* * *\r\n```html\r\n<!DOCTYPE html>\r\n<html lang="en">\r\n\r\n<head>\r\n  <meta charset="utf-8">\r\n  <title>ng-screenshot demo</title>\r\n</head>\r\n\r\n<body ng-app="demo" ng-controller="demoCtrl">\r\n  <screenshot screenshot-trigger="#trigger">\r\n    <h3>Here will be shot</h3>\r\n    <span>{{name}}</span>\r\n  </screenshot>\r\n  <h3>Here will not be shot</h3>\r\n  <button id="trigger" type="button" name="button">Screenshot</button>\r\n\r\n  <script src="../node_modules/jquery/dist/jquery.min.js" charset="utf-8"></script>\r\n  <script src="../node_modules/angular/angular.js" charset="utf-8"></script>\r\n  <script src="../node_modules/html2canvas/dist/html2canvas.js" charset="utf-8"></script>\r\n  <script src="../node_modules/file-saver/FileSaver.js" charset="utf-8"></script>\r\n  <script src="../ng-screenshot.js" charset="utf-8"></script>\r\n\r\n  <script type="text/javascript">\r\n    angular.module(\'demo\', [\'ng-screenshot\'])\r\n      .controller(\'demoCtrl\', function($scope) {\r\n        $scope.name = \'Liujialun\'\r\n      })\r\n  </script>\r\n</body>\r\n\r\n</html>\r\n```\r\n\r\n# Versions\r\n* * *\r\n## Version 0.1.0\r\nSee examples\r\n',
21 silly publish   readmeFilename: 'README.MD',
21 silly publish   gitHead: '05bb1add7be32e1804e517aa0f968221bce5ba82',
21 silly publish   _id: 'ng-screenshot@0.1.0',
21 silly publish   _shasum: '5e41c7c496d3d7390425bd63f5077c628f0fb9ac',
21 silly publish   _from: '.' }
22 verbose getPublishConfig undefined
23 silly mapToRegistry name ng-screenshot
24 silly mapToRegistry using default registry
25 silly mapToRegistry registry https://registry.npmjs.org/
26 silly mapToRegistry data Result {
26 silly mapToRegistry   raw: 'ng-screenshot',
26 silly mapToRegistry   scope: null,
26 silly mapToRegistry   escapedName: 'ng-screenshot',
26 silly mapToRegistry   name: 'ng-screenshot',
26 silly mapToRegistry   rawSpec: '',
26 silly mapToRegistry   spec: 'latest',
26 silly mapToRegistry   type: 'tag' }
27 silly mapToRegistry uri https://registry.npmjs.org/ng-screenshot
28 verbose publish registryBase https://registry.npmjs.org/
29 silly publish uploading C:\Users\jialun.liu.HIRAIN\AppData\Roaming\npm-cache\ng-screenshot\0.1.0\package.tgz
30 verbose request uri https://registry.npmjs.org/ng-screenshot
31 verbose request sending authorization for write operation
32 info attempt registry request try #1 at 15:19:28
33 verbose request using bearer token for auth
34 verbose request id 52a84055bf04eeb3
35 http request PUT https://registry.npmjs.org/ng-screenshot
36 http 403 https://registry.npmjs.org/ng-screenshot
37 verbose headers { 'content-type': 'application/json',
37 verbose headers   'cache-control': 'max-age=300',
37 verbose headers   'content-length': '91',
37 verbose headers   'accept-ranges': 'bytes',
37 verbose headers   date: 'Wed, 30 Aug 2017 07:19:29 GMT',
37 verbose headers   via: '1.1 varnish',
37 verbose headers   connection: 'keep-alive',
37 verbose headers   'x-served-by': 'cache-nrt6134-NRT',
37 verbose headers   'x-cache': 'MISS',
37 verbose headers   'x-cache-hits': '0',
37 verbose headers   'x-timer': 'S1504077569.691285,VS0,VE564',
37 verbose headers   vary: 'Accept-Encoding, Accept' }
38 verbose request invalidating C:\Users\jialun.liu.HIRAIN\AppData\Roaming\npm-cache\registry.npmjs.org\ng-screenshot on PUT
39 error publish Failed PUT 403
40 verbose stack Error: You cannot publish over the previously published version 0.1.0. : ng-screenshot
40 verbose stack     at makeError (C:\Users\jialun.liu.HIRAIN\AppData\Roaming\nvm\v6.11.1\node_modules\npm\node_modules\npm-registry-client\lib\request.js:302:12)
40 verbose stack     at CachingRegistryClient.<anonymous> (C:\Users\jialun.liu.HIRAIN\AppData\Roaming\nvm\v6.11.1\node_modules\npm\node_modules\npm-registry-client\lib\request.js:290:14)
40 verbose stack     at Request._callback (C:\Users\jialun.liu.HIRAIN\AppData\Roaming\nvm\v6.11.1\node_modules\npm\node_modules\npm-registry-client\lib\request.js:210:14)
40 verbose stack     at Request.self.callback (C:\Users\jialun.liu.HIRAIN\AppData\Roaming\nvm\v6.11.1\node_modules\npm\node_modules\request\request.js:187:22)
40 verbose stack     at emitTwo (events.js:106:13)
40 verbose stack     at Request.emit (events.js:191:7)
40 verbose stack     at Request.<anonymous> (C:\Users\jialun.liu.HIRAIN\AppData\Roaming\nvm\v6.11.1\node_modules\npm\node_modules\request\request.js:1048:10)
40 verbose stack     at emitOne (events.js:96:13)
40 verbose stack     at Request.emit (events.js:188:7)
40 verbose stack     at IncomingMessage.<anonymous> (C:\Users\jialun.liu.HIRAIN\AppData\Roaming\nvm\v6.11.1\node_modules\npm\node_modules\request\request.js:969:12)
41 verbose statusCode 403
42 verbose pkgid ng-screenshot
43 verbose cwd C:\Users\jialun.liu.HIRAIN\workspace\nodejs\ng-screenshot
44 error Windows_NT 10.0.15063
45 error argv "C:\\Program Files\\nodejs\\node.exe" "C:\\Program Files\\nodejs\\node_modules\\npm\\bin\\npm-cli.js" "publish" "."
46 error node v6.11.1
47 error npm  v3.10.10
48 error code E403
49 error You cannot publish over the previously published version 0.1.0. : ng-screenshot
50 error If you need help, you may report this error at:
50 error     <https://github.com/npm/npm/issues>
51 verbose exit [ 1, true ]
